{"/Users/student/Google Drive/Coding/Makers/Week10/bank-tech-test/src/account.js": {"path":"/Users/student/Google Drive/Coding/Makers/Week10/bank-tech-test/src/account.js","statementMap":{"0":{"start":{"line":2,"column":20},"end":{"line":2,"column":49}},"1":{"start":{"line":3,"column":18},"end":{"line":3,"column":45}},"2":{"start":{"line":7,"column":4},"end":{"line":7,"column":45}},"3":{"start":{"line":8,"column":4},"end":{"line":8,"column":31}},"4":{"start":{"line":9,"column":4},"end":{"line":9,"column":21}},"5":{"start":{"line":10,"column":4},"end":{"line":10,"column":33}},"6":{"start":{"line":14,"column":4},"end":{"line":14,"column":30}},"7":{"start":{"line":15,"column":4},"end":{"line":15,"column":27}},"8":{"start":{"line":17,"column":4},"end":{"line":17,"column":44}},"9":{"start":{"line":21,"column":4},"end":{"line":21,"column":29}},"10":{"start":{"line":22,"column":4},"end":{"line":24,"column":5}},"11":{"start":{"line":23,"column":6},"end":{"line":23,"column":54}},"12":{"start":{"line":26,"column":4},"end":{"line":26,"column":26}},"13":{"start":{"line":27,"column":4},"end":{"line":27,"column":43}},"14":{"start":{"line":31,"column":4},"end":{"line":31,"column":66}},"15":{"start":{"line":35,"column":24},"end":{"line":35,"column":78}},"16":{"start":{"line":36,"column":4},"end":{"line":36,"column":49}},"17":{"start":{"line":37,"column":4},"end":{"line":37,"column":23}},"18":{"start":{"line":41,"column":4},"end":{"line":41,"column":23}},"19":{"start":{"line":45,"column":4},"end":{"line":45,"column":37}},"20":{"start":{"line":49,"column":4},"end":{"line":51,"column":5}},"21":{"start":{"line":50,"column":6},"end":{"line":50,"column":53}},"22":{"start":{"line":52,"column":4},"end":{"line":54,"column":5}},"23":{"start":{"line":53,"column":6},"end":{"line":53,"column":59}},"24":{"start":{"line":58,"column":0},"end":{"line":58,"column":25}}},"fnMap":{"0":{"name":"(anonymous_0)","decl":{"start":{"line":6,"column":2},"end":{"line":6,"column":3}},"loc":{"start":{"line":6,"column":75},"end":{"line":11,"column":3}},"line":6},"1":{"name":"(anonymous_1)","decl":{"start":{"line":13,"column":2},"end":{"line":13,"column":3}},"loc":{"start":{"line":13,"column":18},"end":{"line":18,"column":3}},"line":13},"2":{"name":"(anonymous_2)","decl":{"start":{"line":20,"column":2},"end":{"line":20,"column":3}},"loc":{"start":{"line":20,"column":18},"end":{"line":28,"column":3}},"line":20},"3":{"name":"(anonymous_3)","decl":{"start":{"line":30,"column":2},"end":{"line":30,"column":3}},"loc":{"start":{"line":30,"column":18},"end":{"line":32,"column":3}},"line":30},"4":{"name":"(anonymous_4)","decl":{"start":{"line":34,"column":2},"end":{"line":34,"column":3}},"loc":{"start":{"line":34,"column":34},"end":{"line":38,"column":3}},"line":34},"5":{"name":"(anonymous_5)","decl":{"start":{"line":40,"column":2},"end":{"line":40,"column":3}},"loc":{"start":{"line":40,"column":24},"end":{"line":42,"column":3}},"line":40},"6":{"name":"(anonymous_6)","decl":{"start":{"line":44,"column":2},"end":{"line":44,"column":3}},"loc":{"start":{"line":44,"column":32},"end":{"line":46,"column":3}},"line":44},"7":{"name":"(anonymous_7)","decl":{"start":{"line":48,"column":2},"end":{"line":48,"column":3}},"loc":{"start":{"line":48,"column":23},"end":{"line":55,"column":3}},"line":48}},"branchMap":{"0":{"loc":{"start":{"line":6,"column":14},"end":{"line":6,"column":41}},"type":"default-arg","locations":[{"start":{"line":6,"column":26},"end":{"line":6,"column":41}}],"line":6},"1":{"loc":{"start":{"line":6,"column":43},"end":{"line":6,"column":73}},"type":"default-arg","locations":[{"start":{"line":6,"column":62},"end":{"line":6,"column":73}}],"line":6},"2":{"loc":{"start":{"line":22,"column":4},"end":{"line":24,"column":5}},"type":"if","locations":[{"start":{"line":22,"column":4},"end":{"line":24,"column":5}},{"start":{"line":22,"column":4},"end":{"line":24,"column":5}}],"line":22},"3":{"loc":{"start":{"line":49,"column":4},"end":{"line":51,"column":5}},"type":"if","locations":[{"start":{"line":49,"column":4},"end":{"line":51,"column":5}},{"start":{"line":49,"column":4},"end":{"line":51,"column":5}}],"line":49},"4":{"loc":{"start":{"line":52,"column":4},"end":{"line":54,"column":5}},"type":"if","locations":[{"start":{"line":52,"column":4},"end":{"line":54,"column":5}},{"start":{"line":52,"column":4},"end":{"line":54,"column":5}}],"line":52}},"s":{"0":2,"1":2,"2":9,"3":9,"4":9,"5":9,"6":7,"7":5,"8":5,"9":3,"10":3,"11":1,"12":2,"13":2,"14":2,"15":8,"16":8,"17":8,"18":9,"19":3,"20":10,"21":1,"22":9,"23":1,"24":2},"f":{"0":9,"1":7,"2":3,"3":2,"4":8,"5":9,"6":3,"7":10},"b":{"0":[1],"1":[1],"2":[1,2],"3":[1,9],"4":[1,8]},"_coverageSchema":"43e27e138ebf9cfc5966b082cf9a028302ed4184","hash":"5ec3675f4d7c81f5ce778697d17d59b55379d9b8"}
,"/Users/student/Google Drive/Coding/Makers/Week10/bank-tech-test/src/formatdate.js": {"path":"/Users/student/Google Drive/Coding/Makers/Week10/bank-tech-test/src/formatdate.js","statementMap":{"0":{"start":{"line":4,"column":14},"end":{"line":4,"column":24}},"1":{"start":{"line":5,"column":15},"end":{"line":5,"column":53}},"2":{"start":{"line":6,"column":15},"end":{"line":6,"column":58}},"3":{"start":{"line":7,"column":17},"end":{"line":7,"column":34}},"4":{"start":{"line":8,"column":4},"end":{"line":8,"column":32}},"5":{"start":{"line":9,"column":4},"end":{"line":9,"column":15}},"6":{"start":{"line":12,"column":0},"end":{"line":12,"column":28}}},"fnMap":{"0":{"name":"(anonymous_0)","decl":{"start":{"line":3,"column":2},"end":{"line":3,"column":3}},"loc":{"start":{"line":3,"column":12},"end":{"line":10,"column":3}},"line":3}},"branchMap":{},"s":{"0":4,"1":4,"2":4,"3":4,"4":4,"5":4,"6":4},"f":{"0":4},"b":{},"_coverageSchema":"43e27e138ebf9cfc5966b082cf9a028302ed4184","hash":"af07330010c51c034f9c6ec53fa4761546b10896"}
,"/Users/student/Google Drive/Coding/Makers/Week10/bank-tech-test/src/statement.js": {"path":"/Users/student/Google Drive/Coding/Makers/Week10/bank-tech-test/src/statement.js","statementMap":{"0":{"start":{"line":5,"column":4},"end":{"line":5,"column":23}},"1":{"start":{"line":6,"column":4},"end":{"line":6,"column":47}},"2":{"start":{"line":10,"column":4},"end":{"line":10,"column":54}},"3":{"start":{"line":14,"column":4},"end":{"line":21,"column":7}},"4":{"start":{"line":15,"column":23},"end":{"line":15,"column":34}},"5":{"start":{"line":16,"column":21},"end":{"line":16,"column":58}},"6":{"start":{"line":17,"column":20},"end":{"line":17,"column":56}},"7":{"start":{"line":18,"column":22},"end":{"line":18,"column":60}},"8":{"start":{"line":20,"column":6},"end":{"line":20,"column":63}},"9":{"start":{"line":25,"column":4},"end":{"line":27,"column":5}},"10":{"start":{"line":26,"column":6},"end":{"line":26,"column":17}},"11":{"start":{"line":28,"column":4},"end":{"line":28,"column":36}},"12":{"start":{"line":31,"column":0},"end":{"line":31,"column":27}}},"fnMap":{"0":{"name":"(anonymous_0)","decl":{"start":{"line":4,"column":2},"end":{"line":4,"column":3}},"loc":{"start":{"line":4,"column":37},"end":{"line":7,"column":3}},"line":4},"1":{"name":"(anonymous_1)","decl":{"start":{"line":9,"column":2},"end":{"line":9,"column":3}},"loc":{"start":{"line":9,"column":16},"end":{"line":11,"column":3}},"line":9},"2":{"name":"(anonymous_2)","decl":{"start":{"line":13,"column":2},"end":{"line":13,"column":3}},"loc":{"start":{"line":13,"column":40},"end":{"line":22,"column":3}},"line":13},"3":{"name":"(anonymous_3)","decl":{"start":{"line":14,"column":31},"end":{"line":14,"column":32}},"loc":{"start":{"line":14,"column":48},"end":{"line":21,"column":5}},"line":14},"4":{"name":"(anonymous_4)","decl":{"start":{"line":24,"column":2},"end":{"line":24,"column":3}},"loc":{"start":{"line":24,"column":23},"end":{"line":29,"column":3}},"line":24}},"branchMap":{"0":{"loc":{"start":{"line":25,"column":4},"end":{"line":27,"column":5}},"type":"if","locations":[{"start":{"line":25,"column":4},"end":{"line":27,"column":5}},{"start":{"line":25,"column":4},"end":{"line":27,"column":5}}],"line":25}},"s":{"0":2,"1":2,"2":2,"3":2,"4":4,"5":4,"6":4,"7":4,"8":4,"9":12,"10":4,"11":8,"12":3},"f":{"0":2,"1":2,"2":2,"3":4,"4":12},"b":{"0":[4,8]},"_coverageSchema":"43e27e138ebf9cfc5966b082cf9a028302ed4184","hash":"1b07ceb4cdb18e0f09a9d2aa09e74d55ea73733b"}
,"/Users/student/Google Drive/Coding/Makers/Week10/bank-tech-test/src/transaction.js": {"path":"/Users/student/Google Drive/Coding/Makers/Week10/bank-tech-test/src/transaction.js","statementMap":{"0":{"start":{"line":2,"column":19},"end":{"line":2,"column":42}},"1":{"start":{"line":6,"column":4},"end":{"line":6,"column":26}},"2":{"start":{"line":7,"column":4},"end":{"line":7,"column":24}},"3":{"start":{"line":8,"column":4},"end":{"line":8,"column":28}},"4":{"start":{"line":9,"column":4},"end":{"line":9,"column":32}},"5":{"start":{"line":13,"column":4},"end":{"line":13,"column":22}},"6":{"start":{"line":17,"column":4},"end":{"line":17,"column":24}},"7":{"start":{"line":21,"column":4},"end":{"line":21,"column":23}},"8":{"start":{"line":25,"column":4},"end":{"line":25,"column":25}},"9":{"start":{"line":28,"column":0},"end":{"line":28,"column":29}}},"fnMap":{"0":{"name":"(anonymous_0)","decl":{"start":{"line":5,"column":2},"end":{"line":5,"column":3}},"loc":{"start":{"line":5,"column":63},"end":{"line":10,"column":3}},"line":5},"1":{"name":"(anonymous_1)","decl":{"start":{"line":12,"column":2},"end":{"line":12,"column":3}},"loc":{"start":{"line":12,"column":13},"end":{"line":14,"column":3}},"line":12},"2":{"name":"(anonymous_2)","decl":{"start":{"line":16,"column":2},"end":{"line":16,"column":3}},"loc":{"start":{"line":16,"column":15},"end":{"line":18,"column":3}},"line":16},"3":{"name":"(anonymous_3)","decl":{"start":{"line":20,"column":2},"end":{"line":20,"column":3}},"loc":{"start":{"line":20,"column":14},"end":{"line":22,"column":3}},"line":20},"4":{"name":"(anonymous_4)","decl":{"start":{"line":24,"column":2},"end":{"line":24,"column":3}},"loc":{"start":{"line":24,"column":16},"end":{"line":26,"column":3}},"line":24}},"branchMap":{"0":{"loc":{"start":{"line":5,"column":38},"end":{"line":5,"column":61}},"type":"default-arg","locations":[{"start":{"line":5,"column":45},"end":{"line":5,"column":61}}],"line":5}},"s":{"0":3,"1":7,"2":7,"3":7,"4":7,"5":4,"6":4,"7":4,"8":4,"9":3},"f":{"0":7,"1":4,"2":4,"3":4,"4":4},"b":{"0":[3]},"_coverageSchema":"43e27e138ebf9cfc5966b082cf9a028302ed4184","hash":"23c7fee9c1afe5ebbab84bc0aa66c74f28a3c9f9"}
}
