TN:
SF:/Users/student/Google Drive/Coding/Makers/Week10/bank-tech-test/src/account.js
FN:6,(anonymous_0)
FN:13,(anonymous_1)
FN:20,(anonymous_2)
FN:30,(anonymous_3)
FN:34,(anonymous_4)
FN:40,(anonymous_5)
FN:44,(anonymous_6)
FN:48,(anonymous_7)
FNF:8
FNH:8
FNDA:9,(anonymous_0)
FNDA:7,(anonymous_1)
FNDA:3,(anonymous_2)
FNDA:2,(anonymous_3)
FNDA:8,(anonymous_4)
FNDA:9,(anonymous_5)
FNDA:3,(anonymous_6)
FNDA:10,(anonymous_7)
DA:2,2
DA:3,2
DA:7,9
DA:8,9
DA:9,9
DA:10,9
DA:14,7
DA:15,5
DA:17,5
DA:21,3
DA:22,3
DA:23,1
DA:26,2
DA:27,2
DA:31,2
DA:35,8
DA:36,8
DA:37,8
DA:41,9
DA:45,3
DA:49,10
DA:50,1
DA:52,9
DA:53,1
DA:58,2
LF:25
LH:25
BRDA:6,0,0,1
BRDA:6,1,0,1
BRDA:22,2,0,1
BRDA:22,2,1,2
BRDA:49,3,0,1
BRDA:49,3,1,9
BRDA:52,4,0,1
BRDA:52,4,1,8
BRF:8
BRH:8
end_of_record
TN:
SF:/Users/student/Google Drive/Coding/Makers/Week10/bank-tech-test/src/formatdate.js
FN:3,(anonymous_0)
FNF:1
FNH:1
FNDA:4,(anonymous_0)
DA:4,4
DA:5,4
DA:6,4
DA:7,4
DA:8,4
DA:9,4
DA:12,4
LF:7
LH:7
BRF:0
BRH:0
end_of_record
TN:
SF:/Users/student/Google Drive/Coding/Makers/Week10/bank-tech-test/src/statement.js
FN:4,(anonymous_0)
FN:9,(anonymous_1)
FN:13,(anonymous_2)
FN:14,(anonymous_3)
FN:24,(anonymous_4)
FNF:5
FNH:5
FNDA:2,(anonymous_0)
FNDA:2,(anonymous_1)
FNDA:2,(anonymous_2)
FNDA:4,(anonymous_3)
FNDA:12,(anonymous_4)
DA:5,2
DA:6,2
DA:10,2
DA:14,2
DA:15,4
DA:16,4
DA:17,4
DA:18,4
DA:20,4
DA:25,12
DA:26,4
DA:28,8
DA:31,3
LF:13
LH:13
BRDA:25,0,0,4
BRDA:25,0,1,8
BRF:2
BRH:2
end_of_record
TN:
SF:/Users/student/Google Drive/Coding/Makers/Week10/bank-tech-test/src/transaction.js
FN:5,(anonymous_0)
FN:12,(anonymous_1)
FN:16,(anonymous_2)
FN:20,(anonymous_3)
FN:24,(anonymous_4)
FNF:5
FNH:5
FNDA:7,(anonymous_0)
FNDA:4,(anonymous_1)
FNDA:4,(anonymous_2)
FNDA:4,(anonymous_3)
FNDA:4,(anonymous_4)
DA:2,3
DA:6,7
DA:7,7
DA:8,7
DA:9,7
DA:13,4
DA:17,4
DA:21,4
DA:25,4
DA:28,3
LF:10
LH:10
BRDA:5,0,0,3
BRF:1
BRH:1
end_of_record
