TN:
SF:/Users/student/Google Drive/Coding/Makers/Week10/bank-tech-test/src/account.js
FN:6,(anonymous_0)
FN:13,(anonymous_1)
FN:20,(anonymous_2)
FN:30,(anonymous_3)
FN:34,(anonymous_4)
FN:40,(anonymous_5)
FN:44,(anonymous_6)
FN:48,(anonymous_7)
FNF:8
FNH:8
FNDA:8,(anonymous_0)
FNDA:5,(anonymous_1)
FNDA:2,(anonymous_2)
FNDA:1,(anonymous_3)
FNDA:5,(anonymous_4)
FNDA:6,(anonymous_5)
FNDA:2,(anonymous_6)
FNDA:7,(anonymous_7)
DA:2,1
DA:3,1
DA:7,8
DA:8,8
DA:9,8
DA:10,8
DA:14,5
DA:15,3
DA:17,3
DA:21,2
DA:22,2
DA:23,1
DA:26,1
DA:27,1
DA:31,1
DA:35,5
DA:36,5
DA:37,5
DA:41,6
DA:45,2
DA:49,7
DA:50,1
DA:52,6
DA:53,1
DA:58,1
LF:25
LH:25
BRDA:6,0,0,0
BRDA:6,1,0,0
BRDA:22,2,0,1
BRDA:22,2,1,1
BRDA:49,3,0,1
BRDA:49,3,1,6
BRDA:52,4,0,1
BRDA:52,4,1,5
BRF:8
BRH:6
end_of_record
TN:
SF:/Users/student/Google Drive/Coding/Makers/Week10/bank-tech-test/src/formatdate.js
FN:3,(anonymous_0)
FNF:1
FNH:1
FNDA:1,(anonymous_0)
DA:4,1
DA:5,1
DA:6,1
DA:7,1
DA:8,1
DA:9,1
DA:12,3
LF:7
LH:7
BRF:0
BRH:0
end_of_record
TN:
SF:/Users/student/Google Drive/Coding/Makers/Week10/bank-tech-test/src/statement.js
FN:2,(anonymous_0)
FNF:1
FNH:0
FNDA:0,(anonymous_0)
DA:4,1
LF:1
LH:1
BRF:0
BRH:0
end_of_record
TN:
SF:/Users/student/Google Drive/Coding/Makers/Week10/bank-tech-test/src/transaction.js
FN:5,(anonymous_0)
FN:12,(anonymous_1)
FN:16,(anonymous_2)
FN:20,(anonymous_3)
FN:24,(anonymous_4)
FNF:5
FNH:5
FNDA:4,(anonymous_0)
FNDA:1,(anonymous_1)
FNDA:1,(anonymous_2)
FNDA:1,(anonymous_3)
FNDA:1,(anonymous_4)
DA:2,2
DA:6,4
DA:7,4
DA:8,4
DA:9,4
DA:13,1
DA:17,1
DA:21,1
DA:25,1
DA:28,2
LF:10
LH:10
BRDA:5,0,0,0
BRF:1
BRH:0
end_of_record
